<?xml version="1.0" encoding="UTF-8"?>
<!-- Generated by org.testng.reporters.JUnitReportReporter -->
<testsuite hostname="Jyothsna" failures="0" tests="1" name="DemoGradle.LibraryTest" time="13.919" errors="0" timestamp="2022-09-25T16:18:26 IST" skipped="0">
  <testcase classname="DemoGradle.LibraryTest" name="basic" time="13.919"/>
  <system-out/>
</testsuite> <!-- DemoGradle.LibraryTest -->
