<?xml version="1.0" encoding="UTF-8"?>
<!-- Generated by org.testng.reporters.JUnitReportReporter -->
<testsuite hostname="Jyothsna" failures="0" tests="1" name="DemoGradle.Dummy" time="4.508" errors="0" timestamp="2022-09-27T17:01:35 IST" skipped="0">
  <testcase classname="DemoGradle.Dummy" name="basic" time="4.508"/>
  <system-out/>
</testsuite> <!-- DemoGradle.Dummy -->
